<?xml version="1.0" encoding="UTF-8"?>
<testsuite xmlns:xsi="http://www.w3.org/2001/XMLSchema-instance" xsi:noNamespaceSchemaLocation="https://maven.apache.org/surefire/maven-surefire-plugin/xsd/surefire-test-report.xsd" name="net.seehope.cocollegewebview.CoCollegeWebViewApplicationTests" time="8.951" tests="1" errors="0" skipped="0" failures="0">
  <properties>
    <property name="sun.desktop" value="windows"/>
    <property name="awt.toolkit" value="sun.awt.windows.WToolkit"/>
    <property name="file.encoding.pkg" value="sun.io"/>
    <property name="java.specification.version" value="1.8"/>
    <property name="sun.cpu.isalist" value="amd64"/>
    <property name="sun.jnu.encoding" value="GBK"/>
    <property name="java.class.path" value="D:\workspace\idea\co-college\co-college-web-view\target\test-classes;D:\workspace\idea\co-college\co-college-web-view\target\classes;D:\workspace\idea\co-college\co-college-entity-mapping\target\co-college-entity-mapping-1.0.0-SNAPSHOT.jar;D:\workspace\idea\co-college\co-college-service-logic\target\co-college-service-logic-1.0.0-SNAPSHOT.jar;D:\development\apache-maven-3.6.0\jar\org\springframework\spring-context\5.1.3.RELEASE\spring-context-5.1.3.RELEASE.jar;D:\development\apache-maven-3.6.0\jar\org\springframework\spring-aop\5.1.3.RELEASE\spring-aop-5.1.3.RELEASE.jar;D:\development\apache-maven-3.6.0\jar\org\springframework\spring-beans\5.1.3.RELEASE\spring-beans-5.1.3.RELEASE.jar;D:\development\apache-maven-3.6.0\jar\org\springframework\spring-expression\5.1.3.RELEASE\spring-expression-5.1.3.RELEASE.jar;D:\development\apache-maven-3.6.0\jar\org\springframework\spring-core\5.1.3.RELEASE\spring-core-5.1.3.RELEASE.jar;D:\development\apache-maven-3.6.0\jar\org\springframework\spring-jcl\5.1.3.RELEASE\spring-jcl-5.1.3.RELEASE.jar;D:\development\apache-maven-3.6.0\jar\org\springframework\spring-tx\5.1.3.RELEASE\spring-tx-5.1.3.RELEASE.jar;D:\workspace\idea\co-college\co-college-result-vo\target\co-college-result-vo-1.0.0-SNAPSHOT.jar;D:\workspace\idea\co-college\co-college-util-api\target\co-college-util-api-1.0.0-SNAPSHOT.jar;D:\development\apache-maven-3.6.0\jar\org\springframework\boot\spring-boot-starter-web\2.1.1.RELEASE\spring-boot-starter-web-2.1.1.RELEASE.jar;D:\development\apache-maven-3.6.0\jar\org\springframework\boot\spring-boot-starter\2.1.1.RELEASE\spring-boot-starter-2.1.1.RELEASE.jar;D:\development\apache-maven-3.6.0\jar\org\springframework\boot\spring-boot-starter-logging\2.1.1.RELEASE\spring-boot-starter-logging-2.1.1.RELEASE.jar;D:\development\apache-maven-3.6.0\jar\ch\qos\logback\logback-classic\1.2.3\logback-classic-1.2.3.jar;D:\development\apache-maven-3.6.0\jar\ch\qos\logback\logback-core\1.2.3\logback-core-1.2.3.jar;D:\development\apache-maven-3.6.0\jar\org\apache\logging\log4j\log4j-to-slf4j\2.11.1\log4j-to-slf4j-2.11.1.jar;D:\development\apache-maven-3.6.0\jar\org\apache\logging\log4j\log4j-api\2.11.1\log4j-api-2.11.1.jar;D:\development\apache-maven-3.6.0\jar\org\slf4j\jul-to-slf4j\1.7.25\jul-to-slf4j-1.7.25.jar;D:\development\apache-maven-3.6.0\jar\javax\annotation\javax.annotation-api\1.3.2\javax.annotation-api-1.3.2.jar;D:\development\apache-maven-3.6.0\jar\org\yaml\snakeyaml\1.23\snakeyaml-1.23.jar;D:\development\apache-maven-3.6.0\jar\org\springframework\boot\spring-boot-starter-json\2.1.1.RELEASE\spring-boot-starter-json-2.1.1.RELEASE.jar;D:\development\apache-maven-3.6.0\jar\com\fasterxml\jackson\core\jackson-databind\2.9.7\jackson-databind-2.9.7.jar;D:\development\apache-maven-3.6.0\jar\com\fasterxml\jackson\core\jackson-annotations\2.9.0\jackson-annotations-2.9.0.jar;D:\development\apache-maven-3.6.0\jar\com\fasterxml\jackson\core\jackson-core\2.9.7\jackson-core-2.9.7.jar;D:\development\apache-maven-3.6.0\jar\com\fasterxml\jackson\datatype\jackson-datatype-jdk8\2.9.7\jackson-datatype-jdk8-2.9.7.jar;D:\development\apache-maven-3.6.0\jar\com\fasterxml\jackson\datatype\jackson-datatype-jsr310\2.9.7\jackson-datatype-jsr310-2.9.7.jar;D:\development\apache-maven-3.6.0\jar\com\fasterxml\jackson\module\jackson-module-parameter-names\2.9.7\jackson-module-parameter-names-2.9.7.jar;D:\development\apache-maven-3.6.0\jar\org\springframework\boot\spring-boot-starter-tomcat\2.1.1.RELEASE\spring-boot-starter-tomcat-2.1.1.RELEASE.jar;D:\development\apache-maven-3.6.0\jar\org\apache\tomcat\embed\tomcat-embed-core\9.0.13\tomcat-embed-core-9.0.13.jar;D:\development\apache-maven-3.6.0\jar\org\apache\tomcat\embed\tomcat-embed-el\9.0.13\tomcat-embed-el-9.0.13.jar;D:\development\apache-maven-3.6.0\jar\org\apache\tomcat\embed\tomcat-embed-websocket\9.0.13\tomcat-embed-websocket-9.0.13.jar;D:\development\apache-maven-3.6.0\jar\org\hibernate\validator\hibernate-validator\6.0.13.Final\hibernate-validator-6.0.13.Final.jar;D:\development\apache-maven-3.6.0\jar\javax\validation\validation-api\2.0.1.Final\validation-api-2.0.1.Final.jar;D:\development\apache-maven-3.6.0\jar\org\jboss\logging\jboss-logging\3.3.2.Final\jboss-logging-3.3.2.Final.jar;D:\development\apache-maven-3.6.0\jar\com\fasterxml\classmate\1.4.0\classmate-1.4.0.jar;D:\development\apache-maven-3.6.0\jar\org\springframework\spring-web\5.1.3.RELEASE\spring-web-5.1.3.RELEASE.jar;D:\development\apache-maven-3.6.0\jar\org\springframework\spring-webmvc\5.1.3.RELEASE\spring-webmvc-5.1.3.RELEASE.jar;D:\development\apache-maven-3.6.0\jar\org\springframework\boot\spring-boot-starter-test\2.1.1.RELEASE\spring-boot-starter-test-2.1.1.RELEASE.jar;D:\development\apache-maven-3.6.0\jar\org\springframework\boot\spring-boot-test\2.1.1.RELEASE\spring-boot-test-2.1.1.RELEASE.jar;D:\development\apache-maven-3.6.0\jar\org\springframework\boot\spring-boot-test-autoconfigure\2.1.1.RELEASE\spring-boot-test-autoconfigure-2.1.1.RELEASE.jar;D:\development\apache-maven-3.6.0\jar\com\jayway\jsonpath\json-path\2.4.0\json-path-2.4.0.jar;D:\development\apache-maven-3.6.0\jar\net\minidev\json-smart\2.3\json-smart-2.3.jar;D:\development\apache-maven-3.6.0\jar\net\minidev\accessors-smart\1.2\accessors-smart-1.2.jar;D:\development\apache-maven-3.6.0\jar\org\ow2\asm\asm\5.0.4\asm-5.0.4.jar;D:\development\apache-maven-3.6.0\jar\org\slf4j\slf4j-api\1.7.25\slf4j-api-1.7.25.jar;D:\development\apache-maven-3.6.0\jar\junit\junit\4.12\junit-4.12.jar;D:\development\apache-maven-3.6.0\jar\org\assertj\assertj-core\3.11.1\assertj-core-3.11.1.jar;D:\development\apache-maven-3.6.0\jar\org\mockito\mockito-core\2.23.4\mockito-core-2.23.4.jar;D:\development\apache-maven-3.6.0\jar\net\bytebuddy\byte-buddy\1.9.5\byte-buddy-1.9.5.jar;D:\development\apache-maven-3.6.0\jar\net\bytebuddy\byte-buddy-agent\1.9.5\byte-buddy-agent-1.9.5.jar;D:\development\apache-maven-3.6.0\jar\org\objenesis\objenesis\2.6\objenesis-2.6.jar;D:\development\apache-maven-3.6.0\jar\org\hamcrest\hamcrest-core\1.3\hamcrest-core-1.3.jar;D:\development\apache-maven-3.6.0\jar\org\hamcrest\hamcrest-library\1.3\hamcrest-library-1.3.jar;D:\development\apache-maven-3.6.0\jar\org\skyscreamer\jsonassert\1.5.0\jsonassert-1.5.0.jar;D:\development\apache-maven-3.6.0\jar\com\vaadin\external\google\android-json\0.0.20131108.vaadin1\android-json-0.0.20131108.vaadin1.jar;D:\development\apache-maven-3.6.0\jar\org\springframework\spring-test\5.1.3.RELEASE\spring-test-5.1.3.RELEASE.jar;D:\development\apache-maven-3.6.0\jar\org\xmlunit\xmlunit-core\2.6.2\xmlunit-core-2.6.2.jar;D:\development\apache-maven-3.6.0\jar\org\springframework\boot\spring-boot-devtools\2.0.4.RELEASE\spring-boot-devtools-2.0.4.RELEASE.jar;D:\development\apache-maven-3.6.0\jar\org\springframework\boot\spring-boot\2.1.1.RELEASE\spring-boot-2.1.1.RELEASE.jar;D:\development\apache-maven-3.6.0\jar\org\springframework\boot\spring-boot-autoconfigure\2.1.1.RELEASE\spring-boot-autoconfigure-2.1.1.RELEASE.jar;D:\development\apache-maven-3.6.0\jar\org\springframework\boot\spring-boot-starter-thymeleaf\2.0.3.RELEASE\spring-boot-starter-thymeleaf-2.0.3.RELEASE.jar;D:\development\apache-maven-3.6.0\jar\org\thymeleaf\thymeleaf-spring5\3.0.11.RELEASE\thymeleaf-spring5-3.0.11.RELEASE.jar;D:\development\apache-maven-3.6.0\jar\org\thymeleaf\thymeleaf\3.0.11.RELEASE\thymeleaf-3.0.11.RELEASE.jar;D:\development\apache-maven-3.6.0\jar\org\attoparser\attoparser\2.0.5.RELEASE\attoparser-2.0.5.RELEASE.jar;D:\development\apache-maven-3.6.0\jar\org\unbescape\unbescape\1.1.6.RELEASE\unbescape-1.1.6.RELEASE.jar;D:\development\apache-maven-3.6.0\jar\org\thymeleaf\extras\thymeleaf-extras-java8time\3.0.2.RELEASE\thymeleaf-extras-java8time-3.0.2.RELEASE.jar;D:\development\apache-maven-3.6.0\jar\org\mybatis\spring\boot\mybatis-spring-boot-starter\1.3.2\mybatis-spring-boot-starter-1.3.2.jar;D:\development\apache-maven-3.6.0\jar\org\mybatis\spring\boot\mybatis-spring-boot-autoconfigure\1.3.2\mybatis-spring-boot-autoconfigure-1.3.2.jar;D:\development\apache-maven-3.6.0\jar\org\mybatis\mybatis\3.4.6\mybatis-3.4.6.jar;D:\development\apache-maven-3.6.0\jar\org\mybatis\mybatis-spring\1.3.2\mybatis-spring-1.3.2.jar;D:\development\apache-maven-3.6.0\jar\mysql\mysql-connector-java\5.1.46\mysql-connector-java-5.1.46.jar;D:\development\apache-maven-3.6.0\jar\org\springframework\boot\spring-boot-starter-jdbc\1.5.3.RELEASE\spring-boot-starter-jdbc-1.5.3.RELEASE.jar;D:\development\apache-maven-3.6.0\jar\org\apache\tomcat\tomcat-jdbc\9.0.13\tomcat-jdbc-9.0.13.jar;D:\development\apache-maven-3.6.0\jar\org\apache\tomcat\tomcat-juli\9.0.13\tomcat-juli-9.0.13.jar;D:\development\apache-maven-3.6.0\jar\org\springframework\spring-jdbc\5.1.3.RELEASE\spring-jdbc-5.1.3.RELEASE.jar;D:\development\apache-maven-3.6.0\jar\com\alibaba\druid\1.1.10\druid-1.1.10.jar;D:\development\apache-maven-3.6.0\jar\javax\servlet\javax.servlet-api\4.0.0\javax.servlet-api-4.0.0.jar;D:\development\apache-maven-3.6.0\jar\com\github\pagehelper\pagehelper-spring-boot-starter\1.2.5\pagehelper-spring-boot-starter-1.2.5.jar;D:\development\apache-maven-3.6.0\jar\com\github\pagehelper\pagehelper-spring-boot-autoconfigure\1.2.5\pagehelper-spring-boot-autoconfigure-1.2.5.jar;D:\development\apache-maven-3.6.0\jar\com\github\pagehelper\pagehelper\5.1.4\pagehelper-5.1.4.jar;D:\development\apache-maven-3.6.0\jar\com\github\jsqlparser\jsqlparser\1.0\jsqlparser-1.0.jar;"/>
    <property name="java.vm.vendor" value="Oracle Corporation"/>
    <property name="sun.arch.data.model" value="64"/>
    <property name="user.variant" value=""/>
    <property name="java.vendor.url" value="http://java.oracle.com/"/>
    <property name="user.timezone" value="Asia/Shanghai"/>
    <property name="java.vm.specification.version" value="1.8"/>
    <property name="os.name" value="Windows 10"/>
    <property name="user.country" value="CN"/>
    <property name="sun.java.launcher" value="SUN_STANDARD"/>
    <property name="sun.boot.library.path" value="C:\Program Files\Java\jdk1.8.0_191\jre\bin"/>
    <property name="sun.java.command" value="C:\Users\lxgy\AppData\Local\Temp\surefire8427838625087702712\surefirebooter8310316516711005485.jar C:\Users\lxgy\AppData\Local\Temp\surefire8427838625087702712 2018-12-24T14-36-07_013-jvmRun1 surefire1052206919146719645tmp surefire_04004842499071677876tmp"/>
    <property name="surefire.test.class.path" value="D:\workspace\idea\co-college\co-college-web-view\target\test-classes;D:\workspace\idea\co-college\co-college-web-view\target\classes;D:\workspace\idea\co-college\co-college-entity-mapping\target\co-college-entity-mapping-1.0.0-SNAPSHOT.jar;D:\workspace\idea\co-college\co-college-service-logic\target\co-college-service-logic-1.0.0-SNAPSHOT.jar;D:\development\apache-maven-3.6.0\jar\org\springframework\spring-context\5.1.3.RELEASE\spring-context-5.1.3.RELEASE.jar;D:\development\apache-maven-3.6.0\jar\org\springframework\spring-aop\5.1.3.RELEASE\spring-aop-5.1.3.RELEASE.jar;D:\development\apache-maven-3.6.0\jar\org\springframework\spring-beans\5.1.3.RELEASE\spring-beans-5.1.3.RELEASE.jar;D:\development\apache-maven-3.6.0\jar\org\springframework\spring-expression\5.1.3.RELEASE\spring-expression-5.1.3.RELEASE.jar;D:\development\apache-maven-3.6.0\jar\org\springframework\spring-core\5.1.3.RELEASE\spring-core-5.1.3.RELEASE.jar;D:\development\apache-maven-3.6.0\jar\org\springframework\spring-jcl\5.1.3.RELEASE\spring-jcl-5.1.3.RELEASE.jar;D:\development\apache-maven-3.6.0\jar\org\springframework\spring-tx\5.1.3.RELEASE\spring-tx-5.1.3.RELEASE.jar;D:\workspace\idea\co-college\co-college-result-vo\target\co-college-result-vo-1.0.0-SNAPSHOT.jar;D:\workspace\idea\co-college\co-college-util-api\target\co-college-util-api-1.0.0-SNAPSHOT.jar;D:\development\apache-maven-3.6.0\jar\org\springframework\boot\spring-boot-starter-web\2.1.1.RELEASE\spring-boot-starter-web-2.1.1.RELEASE.jar;D:\development\apache-maven-3.6.0\jar\org\springframework\boot\spring-boot-starter\2.1.1.RELEASE\spring-boot-starter-2.1.1.RELEASE.jar;D:\development\apache-maven-3.6.0\jar\org\springframework\boot\spring-boot-starter-logging\2.1.1.RELEASE\spring-boot-starter-logging-2.1.1.RELEASE.jar;D:\development\apache-maven-3.6.0\jar\ch\qos\logback\logback-classic\1.2.3\logback-classic-1.2.3.jar;D:\development\apache-maven-3.6.0\jar\ch\qos\logback\logback-core\1.2.3\logback-core-1.2.3.jar;D:\development\apache-maven-3.6.0\jar\org\apache\logging\log4j\log4j-to-slf4j\2.11.1\log4j-to-slf4j-2.11.1.jar;D:\development\apache-maven-3.6.0\jar\org\apache\logging\log4j\log4j-api\2.11.1\log4j-api-2.11.1.jar;D:\development\apache-maven-3.6.0\jar\org\slf4j\jul-to-slf4j\1.7.25\jul-to-slf4j-1.7.25.jar;D:\development\apache-maven-3.6.0\jar\javax\annotation\javax.annotation-api\1.3.2\javax.annotation-api-1.3.2.jar;D:\development\apache-maven-3.6.0\jar\org\yaml\snakeyaml\1.23\snakeyaml-1.23.jar;D:\development\apache-maven-3.6.0\jar\org\springframework\boot\spring-boot-starter-json\2.1.1.RELEASE\spring-boot-starter-json-2.1.1.RELEASE.jar;D:\development\apache-maven-3.6.0\jar\com\fasterxml\jackson\core\jackson-databind\2.9.7\jackson-databind-2.9.7.jar;D:\development\apache-maven-3.6.0\jar\com\fasterxml\jackson\core\jackson-annotations\2.9.0\jackson-annotations-2.9.0.jar;D:\development\apache-maven-3.6.0\jar\com\fasterxml\jackson\core\jackson-core\2.9.7\jackson-core-2.9.7.jar;D:\development\apache-maven-3.6.0\jar\com\fasterxml\jackson\datatype\jackson-datatype-jdk8\2.9.7\jackson-datatype-jdk8-2.9.7.jar;D:\development\apache-maven-3.6.0\jar\com\fasterxml\jackson\datatype\jackson-datatype-jsr310\2.9.7\jackson-datatype-jsr310-2.9.7.jar;D:\development\apache-maven-3.6.0\jar\com\fasterxml\jackson\module\jackson-module-parameter-names\2.9.7\jackson-module-parameter-names-2.9.7.jar;D:\development\apache-maven-3.6.0\jar\org\springframework\boot\spring-boot-starter-tomcat\2.1.1.RELEASE\spring-boot-starter-tomcat-2.1.1.RELEASE.jar;D:\development\apache-maven-3.6.0\jar\org\apache\tomcat\embed\tomcat-embed-core\9.0.13\tomcat-embed-core-9.0.13.jar;D:\development\apache-maven-3.6.0\jar\org\apache\tomcat\embed\tomcat-embed-el\9.0.13\tomcat-embed-el-9.0.13.jar;D:\development\apache-maven-3.6.0\jar\org\apache\tomcat\embed\tomcat-embed-websocket\9.0.13\tomcat-embed-websocket-9.0.13.jar;D:\development\apache-maven-3.6.0\jar\org\hibernate\validator\hibernate-validator\6.0.13.Final\hibernate-validator-6.0.13.Final.jar;D:\development\apache-maven-3.6.0\jar\javax\validation\validation-api\2.0.1.Final\validation-api-2.0.1.Final.jar;D:\development\apache-maven-3.6.0\jar\org\jboss\logging\jboss-logging\3.3.2.Final\jboss-logging-3.3.2.Final.jar;D:\development\apache-maven-3.6.0\jar\com\fasterxml\classmate\1.4.0\classmate-1.4.0.jar;D:\development\apache-maven-3.6.0\jar\org\springframework\spring-web\5.1.3.RELEASE\spring-web-5.1.3.RELEASE.jar;D:\development\apache-maven-3.6.0\jar\org\springframework\spring-webmvc\5.1.3.RELEASE\spring-webmvc-5.1.3.RELEASE.jar;D:\development\apache-maven-3.6.0\jar\org\springframework\boot\spring-boot-starter-test\2.1.1.RELEASE\spring-boot-starter-test-2.1.1.RELEASE.jar;D:\development\apache-maven-3.6.0\jar\org\springframework\boot\spring-boot-test\2.1.1.RELEASE\spring-boot-test-2.1.1.RELEASE.jar;D:\development\apache-maven-3.6.0\jar\org\springframework\boot\spring-boot-test-autoconfigure\2.1.1.RELEASE\spring-boot-test-autoconfigure-2.1.1.RELEASE.jar;D:\development\apache-maven-3.6.0\jar\com\jayway\jsonpath\json-path\2.4.0\json-path-2.4.0.jar;D:\development\apache-maven-3.6.0\jar\net\minidev\json-smart\2.3\json-smart-2.3.jar;D:\development\apache-maven-3.6.0\jar\net\minidev\accessors-smart\1.2\accessors-smart-1.2.jar;D:\development\apache-maven-3.6.0\jar\org\ow2\asm\asm\5.0.4\asm-5.0.4.jar;D:\development\apache-maven-3.6.0\jar\org\slf4j\slf4j-api\1.7.25\slf4j-api-1.7.25.jar;D:\development\apache-maven-3.6.0\jar\junit\junit\4.12\junit-4.12.jar;D:\development\apache-maven-3.6.0\jar\org\assertj\assertj-core\3.11.1\assertj-core-3.11.1.jar;D:\development\apache-maven-3.6.0\jar\org\mockito\mockito-core\2.23.4\mockito-core-2.23.4.jar;D:\development\apache-maven-3.6.0\jar\net\bytebuddy\byte-buddy\1.9.5\byte-buddy-1.9.5.jar;D:\development\apache-maven-3.6.0\jar\net\bytebuddy\byte-buddy-agent\1.9.5\byte-buddy-agent-1.9.5.jar;D:\development\apache-maven-3.6.0\jar\org\objenesis\objenesis\2.6\objenesis-2.6.jar;D:\development\apache-maven-3.6.0\jar\org\hamcrest\hamcrest-core\1.3\hamcrest-core-1.3.jar;D:\development\apache-maven-3.6.0\jar\org\hamcrest\hamcrest-library\1.3\hamcrest-library-1.3.jar;D:\development\apache-maven-3.6.0\jar\org\skyscreamer\jsonassert\1.5.0\jsonassert-1.5.0.jar;D:\development\apache-maven-3.6.0\jar\com\vaadin\external\google\android-json\0.0.20131108.vaadin1\android-json-0.0.20131108.vaadin1.jar;D:\development\apache-maven-3.6.0\jar\org\springframework\spring-test\5.1.3.RELEASE\spring-test-5.1.3.RELEASE.jar;D:\development\apache-maven-3.6.0\jar\org\xmlunit\xmlunit-core\2.6.2\xmlunit-core-2.6.2.jar;D:\development\apache-maven-3.6.0\jar\org\springframework\boot\spring-boot-devtools\2.0.4.RELEASE\spring-boot-devtools-2.0.4.RELEASE.jar;D:\development\apache-maven-3.6.0\jar\org\springframework\boot\spring-boot\2.1.1.RELEASE\spring-boot-2.1.1.RELEASE.jar;D:\development\apache-maven-3.6.0\jar\org\springframework\boot\spring-boot-autoconfigure\2.1.1.RELEASE\spring-boot-autoconfigure-2.1.1.RELEASE.jar;D:\development\apache-maven-3.6.0\jar\org\springframework\boot\spring-boot-starter-thymeleaf\2.0.3.RELEASE\spring-boot-starter-thymeleaf-2.0.3.RELEASE.jar;D:\development\apache-maven-3.6.0\jar\org\thymeleaf\thymeleaf-spring5\3.0.11.RELEASE\thymeleaf-spring5-3.0.11.RELEASE.jar;D:\development\apache-maven-3.6.0\jar\org\thymeleaf\thymeleaf\3.0.11.RELEASE\thymeleaf-3.0.11.RELEASE.jar;D:\development\apache-maven-3.6.0\jar\org\attoparser\attoparser\2.0.5.RELEASE\attoparser-2.0.5.RELEASE.jar;D:\development\apache-maven-3.6.0\jar\org\unbescape\unbescape\1.1.6.RELEASE\unbescape-1.1.6.RELEASE.jar;D:\development\apache-maven-3.6.0\jar\org\thymeleaf\extras\thymeleaf-extras-java8time\3.0.2.RELEASE\thymeleaf-extras-java8time-3.0.2.RELEASE.jar;D:\development\apache-maven-3.6.0\jar\org\mybatis\spring\boot\mybatis-spring-boot-starter\1.3.2\mybatis-spring-boot-starter-1.3.2.jar;D:\development\apache-maven-3.6.0\jar\org\mybatis\spring\boot\mybatis-spring-boot-autoconfigure\1.3.2\mybatis-spring-boot-autoconfigure-1.3.2.jar;D:\development\apache-maven-3.6.0\jar\org\mybatis\mybatis\3.4.6\mybatis-3.4.6.jar;D:\development\apache-maven-3.6.0\jar\org\mybatis\mybatis-spring\1.3.2\mybatis-spring-1.3.2.jar;D:\development\apache-maven-3.6.0\jar\mysql\mysql-connector-java\5.1.46\mysql-connector-java-5.1.46.jar;D:\development\apache-maven-3.6.0\jar\org\springframework\boot\spring-boot-starter-jdbc\1.5.3.RELEASE\spring-boot-starter-jdbc-1.5.3.RELEASE.jar;D:\development\apache-maven-3.6.0\jar\org\apache\tomcat\tomcat-jdbc\9.0.13\tomcat-jdbc-9.0.13.jar;D:\development\apache-maven-3.6.0\jar\org\apache\tomcat\tomcat-juli\9.0.13\tomcat-juli-9.0.13.jar;D:\development\apache-maven-3.6.0\jar\org\springframework\spring-jdbc\5.1.3.RELEASE\spring-jdbc-5.1.3.RELEASE.jar;D:\development\apache-maven-3.6.0\jar\com\alibaba\druid\1.1.10\druid-1.1.10.jar;D:\development\apache-maven-3.6.0\jar\javax\servlet\javax.servlet-api\4.0.0\javax.servlet-api-4.0.0.jar;D:\development\apache-maven-3.6.0\jar\com\github\pagehelper\pagehelper-spring-boot-starter\1.2.5\pagehelper-spring-boot-starter-1.2.5.jar;D:\development\apache-maven-3.6.0\jar\com\github\pagehelper\pagehelper-spring-boot-autoconfigure\1.2.5\pagehelper-spring-boot-autoconfigure-1.2.5.jar;D:\development\apache-maven-3.6.0\jar\com\github\pagehelper\pagehelper\5.1.4\pagehelper-5.1.4.jar;D:\development\apache-maven-3.6.0\jar\com\github\jsqlparser\jsqlparser\1.0\jsqlparser-1.0.jar;"/>
    <property name="sun.cpu.endian" value="little"/>
    <property name="user.home" value="C:\Users\lxgy"/>
    <property name="user.language" value="zh"/>
    <property name="java.specification.vendor" value="Oracle Corporation"/>
    <property name="java.home" value="C:\Program Files\Java\jdk1.8.0_191\jre"/>
    <property name="basedir" value="D:\workspace\idea\co-college\co-college-web-view"/>
    <property name="file.separator" value="\"/>
    <property name="line.separator" value="&#10;"/>
    <property name="java.vm.specification.vendor" value="Oracle Corporation"/>
    <property name="java.specification.name" value="Java Platform API Specification"/>
    <property name="java.awt.graphicsenv" value="sun.awt.Win32GraphicsEnvironment"/>
    <property name="surefire.real.class.path" value="C:\Users\lxgy\AppData\Local\Temp\surefire8427838625087702712\surefirebooter8310316516711005485.jar"/>
    <property name="sun.boot.class.path" value="C:\Program Files\Java\jdk1.8.0_191\jre\lib\resources.jar;C:\Program Files\Java\jdk1.8.0_191\jre\lib\rt.jar;C:\Program Files\Java\jdk1.8.0_191\jre\lib\sunrsasign.jar;C:\Program Files\Java\jdk1.8.0_191\jre\lib\jsse.jar;C:\Program Files\Java\jdk1.8.0_191\jre\lib\jce.jar;C:\Program Files\Java\jdk1.8.0_191\jre\lib\charsets.jar;C:\Program Files\Java\jdk1.8.0_191\jre\lib\jfr.jar;C:\Program Files\Java\jdk1.8.0_191\jre\classes"/>
    <property name="user.script" value=""/>
    <property name="sun.management.compiler" value="HotSpot 64-Bit Tiered Compilers"/>
    <property name="java.runtime.version" value="1.8.0_191-b12"/>
    <property name="user.name" value="lxgy"/>
    <property name="path.separator" value=";"/>
    <property name="os.version" value="10.0"/>
    <property name="java.endorsed.dirs" value="C:\Program Files\Java\jdk1.8.0_191\jre\lib\endorsed"/>
    <property name="java.runtime.name" value="Java(TM) SE Runtime Environment"/>
    <property name="file.encoding" value="GBK"/>
    <property name="java.vm.name" value="Java HotSpot(TM) 64-Bit Server VM"/>
    <property name="localRepository" value="D:\development\apache-maven-3.6.0\jar"/>
    <property name="java.vendor.url.bug" value="http://bugreport.sun.com/bugreport/"/>
    <property name="java.io.tmpdir" value="C:\Users\lxgy\AppData\Local\Temp\"/>
    <property name="idea.version" value="2018.3.2"/>
    <property name="java.version" value="1.8.0_191"/>
    <property name="user.dir" value="D:\workspace\idea\co-college\co-college-web-view"/>
    <property name="os.arch" value="amd64"/>
    <property name="java.vm.specification.name" value="Java Virtual Machine Specification"/>
    <property name="java.awt.printerjob" value="sun.awt.windows.WPrinterJob"/>
    <property name="sun.os.patch.level" value=""/>
    <property name="java.library.path" value="C:\Program Files\Java\jdk1.8.0_191\jre\bin;C:\Windows\Sun\Java\bin;C:\Windows\system32;C:\Windows;C:\ProgramData\Oracle\Java\javapath;C:\Program Files (x86)\Common Files\Oracle\Java\javapath;C:\Windows\system32;C:\Windows;C:\Windows\System32\Wbem;C:\Windows\System32\WindowsPowerShell\v1.0\;C:\Windows\System32\OpenSSH\;C:\Program Files (x86)\NVIDIA Corporation\PhysX\Common;C:\Program Files\Java\jdk1.8.0_191\bin;D:\development\apache-maven-3.6.0\bin;C:\Program Files\MySQL\MySQL Utilities 1.6\;D:\development\apache-tomcat-9.0.10\bin;D:\development\apache-tomcat-8.5.33\bin;C:\Program Files\NVIDIA Corporation\NVIDIA NvDLISR;C:\Program Files\Git\cmd;C:\Users\lxgy\AppData\Local\Microsoft\WindowsApps;;."/>
    <property name="java.vm.info" value="mixed mode"/>
    <property name="java.vendor" value="Oracle Corporation"/>
    <property name="java.vm.version" value="25.191-b12"/>
    <property name="java.ext.dirs" value="C:\Program Files\Java\jdk1.8.0_191\jre\lib\ext;C:\Windows\Sun\Java\lib\ext"/>
    <property name="sun.io.unicode.encoding" value="UnicodeLittle"/>
    <property name="java.class.version" value="52.0"/>
  </properties>
  <testcase name="contextLoads" classname="net.seehope.cocollegewebview.CoCollegeWebViewApplicationTests" time="1.617"/>
</testsuite>